<?xml version="1.0" encoding="UTF-8"?>
<!-- Generated by org.testng.reporters.JUnitReportReporter -->
<testsuite hostname="DESKTOP-I6NS3SM" failures="0" tests="4" name="testRunner.FormFillerRunner" time="20.725" errors="0" timestamp="2022-01-24T19:32:35 EST" skipped="0">
  <testcase classname="testRunner.FormFillerRunner" name="runScenario" time="2.961"/>
  <system-out/>
  <testcase classname="testRunner.FormFillerRunner" name="runScenario" time="2.980"/>
  <system-out/>
  <testcase classname="testRunner.FormFillerRunner" name="runScenario" time="3.487"/>
  <system-out/>
  <testcase classname="testRunner.FormFillerRunner" name="runScenario" time="11.297"/>
  <system-out/>
</testsuite> <!-- testRunner.FormFillerRunner -->
